<?xml version="1.0" encoding="UTF-8"?>
<testng-results ignored="0" total="1" passed="1" failed="0" skipped="0">
  <reporter-output>
  </reporter-output>
  <suite started-at="2024-07-21T18:48:48 IST" name="Default suite" finished-at="2024-07-21T18:49:09 IST" duration-ms="20752">
    <groups>
    </groups>
    <test started-at="2024-07-21T18:48:48 IST" name="Default test" finished-at="2024-07-21T18:49:09 IST" duration-ms="20752">
      <class name="tests.SimpleNavigationTC">
        <test-method signature="navToGoogle()[pri:0, instance:tests.SimpleNavigationTC@6b927fb]" started-at="2024-07-21T18:48:48 IST" name="navToGoogle" finished-at="2024-07-21T18:49:09 IST" duration-ms="20665" status="PASS">
          <reporter-output>
          </reporter-output>
        </test-method> <!-- navToGoogle -->
      </class> <!-- tests.SimpleNavigationTC -->
    </test> <!-- Default test -->
  </suite> <!-- Default suite -->
</testng-results>
